Using pre-set license
Built from '2022.1/china_unity/release' branch; Version is '2022.1.13f1c1 (228059ba3fe9) revision 2261081'; Using compiler version '192829333'; Build Type 'Release'
OS: 'Windows 11  (10.0.22000) 64bit Core' Language: 'zh' Physical Memory: 8081 MB
BatchMode: 1, IsHumanControllingUs: 0, StartBugReporterOnCrash: 0, Is64bit: 1, IsPro: 1

COMMAND LINE ARGUMENTS:
F:\Program Files\Unity\2022.1.13f1c1\Editor\Unity.exe
-adb2
-batchMode
-noUpm
-name
AssetImportWorker0
-projectPath
F:/unityproject/TPS
-logFile
Logs/AssetImportWorker0.log
-srvPort
59616
Successfully changed project path to: F:/unityproject/TPS
F:/unityproject/TPS
[UnityMemory] Configuration Parameters - Can be set up in boot.config
    "memorysetup-bucket-allocator-granularity=16"
    "memorysetup-bucket-allocator-bucket-count=8"
    "memorysetup-bucket-allocator-block-size=33554432"
    "memorysetup-bucket-allocator-block-count=8"
    "memorysetup-main-allocator-block-size=16777216"
    "memorysetup-thread-allocator-block-size=16777216"
    "memorysetup-gfx-main-allocator-block-size=16777216"
    "memorysetup-gfx-thread-allocator-block-size=16777216"
    "memorysetup-cache-allocator-block-size=4194304"
    "memorysetup-typetree-allocator-block-size=2097152"
    "memorysetup-profiler-bucket-allocator-granularity=16"
    "memorysetup-profiler-bucket-allocator-bucket-count=8"
    "memorysetup-profiler-bucket-allocator-block-size=33554432"
    "memorysetup-profiler-bucket-allocator-block-count=8"
    "memorysetup-profiler-allocator-block-size=16777216"
    "memorysetup-profiler-editor-allocator-block-size=1048576"
    "memorysetup-temp-allocator-size-main=16777216"
    "memorysetup-job-temp-allocator-block-size=2097152"
    "memorysetup-job-temp-allocator-block-size-background=1048576"
    "memorysetup-job-temp-allocator-reduction-small-platforms=262144"
    "memorysetup-temp-allocator-size-background-worker=32768"
    "memorysetup-temp-allocator-size-job-worker=262144"
    "memorysetup-temp-allocator-size-preload-manager=33554432"
    "memorysetup-temp-allocator-size-nav-mesh-worker=65536"
    "memorysetup-temp-allocator-size-audio-worker=65536"
    "memorysetup-temp-allocator-size-cloud-worker=32768"
    "memorysetup-temp-allocator-size-gi-baking-worker=262144"
    "memorysetup-temp-allocator-size-gfx=262144"
Refreshing native plugins compatible for Editor in 35.68 ms, found 2 plugins.
Preloading 0 native plugins for Editor in 0.00 ms.
Initialize engine version: 2022.1.13f1c1 (228059ba3fe9)
[Subsystems] Discovering subsystems at path F:/Program Files/Unity/2022.1.13f1c1/Editor/Data/Resources/UnitySubsystems
[Subsystems] Discovering subsystems at path F:/unityproject/TPS/Assets
GfxDevice: creating device client; threaded=0; jobified=0
Direct3D:
    Version:  Direct3D 11.0 [level 11.1]
    Renderer: NVIDIA GeForce GTX 1050 (ID=0x1c8d)
    Vendor:   NVIDIA
    VRAM:     4021 MB
    Driver:   27.21.14.6627
Initialize mono
Mono path[0] = 'F:/Program Files/Unity/2022.1.13f1c1/Editor/Data/Managed'
Mono path[1] = 'F:/Program Files/Unity/2022.1.13f1c1/Editor/Data/MonoBleedingEdge/lib/mono/unityjit-win32'
Mono config path = 'F:/Program Files/Unity/2022.1.13f1c1/Editor/Data/MonoBleedingEdge/etc'
Using monoOptions --debugger-agent=transport=dt_socket,embedding=1,server=y,suspend=n,address=127.0.0.1:56400
Begin MonoManager ReloadAssembly
Registering precompiled unity dll's ...
Register platform support module: F:/Program Files/Unity/2022.1.13f1c1/Editor/Data/PlaybackEngines/WindowsStandaloneSupport/UnityEditor.WindowsStandalone.Extensions.dll
Registered in 0.003379 seconds.
Native extension for WindowsStandalone target not found
Refreshing native plugins compatible for Editor in 34.33 ms, found 2 plugins.
Preloading 0 native plugins for Editor in 0.00 ms.
Mono: successfully reloaded assembly
- Completed reload, in  0.756 seconds
Domain Reload Profiling:
	ReloadAssembly (757ms)
		BeginReloadAssembly (92ms)
			ExecutionOrderSort (0ms)
			DisableScriptedObjects (0ms)
			BackupInstance (0ms)
			ReleaseScriptingObjects (0ms)
			CreateAndSetChildDomain (1ms)
		EndReloadAssembly (529ms)
			LoadAssemblies (88ms)
			RebuildTransferFunctionScriptingTraits (0ms)
			SetupTypeCache (141ms)
				TypeCache.Initialize (140ms)
					TypeCache.ScanAssembly (139ms)
				ResolveRequiredComponents (1ms)
			ReleaseScriptCaches (0ms)
			RebuildScriptCaches (33ms)
			SetupLoadedEditorAssemblies (286ms)
				LogAssemblyErrors (0ms)
				InitializePlatformSupportModulesInManaged (8ms)
				SetLoadedEditorAssemblies (8ms)
				RefreshPlugins (34ms)
				BeforeProcessingInitializeOnLoad (1ms)
				ProcessInitializeOnLoadAttributes (170ms)
				ProcessInitializeOnLoadMethodAttributes (64ms)
				AfterProcessingInitializeOnLoad (0ms)
				EditorAssembliesLoaded (0ms)
			ExecutionOrderSort2 (0ms)
			AwakeInstancesAfterBackupRestoration (0ms)
Platform modules already initialized, skipping
Registering precompiled user dll's ...
Registered in 0.007642 seconds.
Begin MonoManager ReloadAssembly
Native extension for WindowsStandalone target not found
Refreshing native plugins compatible for Editor in 0.69 ms, found 2 plugins.
Preloading 0 native plugins for Editor in 0.00 ms.
Mono: successfully reloaded assembly
- Completed reload, in  2.376 seconds
Domain Reload Profiling:
	ReloadAssembly (2377ms)
		BeginReloadAssembly (300ms)
			ExecutionOrderSort (0ms)
			DisableScriptedObjects (6ms)
			BackupInstance (0ms)
			ReleaseScriptingObjects (0ms)
			CreateAndSetChildDomain (47ms)
		EndReloadAssembly (1768ms)
			LoadAssemblies (238ms)
			RebuildTransferFunctionScriptingTraits (0ms)
			SetupTypeCache (585ms)
				TypeCache.Initialize (580ms)
					TypeCache.ScanAssembly (573ms)
				ResolveRequiredComponents (5ms)
			ReleaseScriptCaches (3ms)
			RebuildScriptCaches (121ms)
			SetupLoadedEditorAssemblies (733ms)
				LogAssemblyErrors (0ms)
				InitializePlatformSupportModulesInManaged (8ms)
				SetLoadedEditorAssemblies (13ms)
				RefreshPlugins (1ms)
				BeforeProcessingInitializeOnLoad (113ms)
				ProcessInitializeOnLoadAttributes (506ms)
				ProcessInitializeOnLoadMethodAttributes (74ms)
				AfterProcessingInitializeOnLoad (18ms)
				EditorAssembliesLoaded (0ms)
			ExecutionOrderSort2 (0ms)
			AwakeInstancesAfterBackupRestoration (19ms)
Platform modules already initialized, skipping
========================================================================
Worker process is ready to serve import requests
Launched and connected shader compiler UnityShaderCompiler.exe after 1.12 seconds
Refreshing native plugins compatible for Editor in 0.55 ms, found 2 plugins.
Preloading 0 native plugins for Editor in 0.00 ms.
Unloading 1706 Unused Serialized files (Serialized files now loaded: 0)
Unloading 19 unused Assets / (22.8 KB). Loaded Objects now: 2211.
Memory consumption went from 334.5 MB to 334.5 MB.
Total: 6.843300 ms (FindLiveObjects: 0.575900 ms CreateObjectMapping: 0.493700 ms MarkObjects: 5.716100 ms  DeleteObjects: 0.054600 ms)

AssetImportParameters requested are different than current active one (requested -> active):
  custom:video-decoder-ogg-theora: a1e56fd34408186e4bbccfd4996cb3dc -> 
  custom:container-muxer-webm: aa71ff27fc2769a1b78a27578f13a17b -> 
  custom:container-demuxer-webm: 4f35f7cbe854078d1ac9338744f61a02 -> 
  custom:video-encoder-webm-vp8: eb34c28f22e8b96e1ab97ce403110664 -> 
  custom:audio-encoder-webm-vorbis: bf7c407c2cedff20999df2af8eb42d56 -> 
  custom:framework-win-MediaFoundation: 216162199b28c13a410421893ffa2e32 -> 
  custom:container-demuxer-ogg: 62fdf1f143b41e24485cea50d1cbac27 -> 
  custom:video-decoder-webm-vp8: 9c59270c3fd7afecdb556c50c9e8de78 -> 
  custom:audio-decoder-ogg-vorbis: bf7c407c2cedff20999df2af8eb42d56 -> 
========================================================================
Received Import Request.
  Time since last request: 11638.421036 seconds.
  path: Assets/Particles
  artifactKey: Guid(86600e878da57794697a811c24b8c057) Importer(815301076,1909f56bfc062723c751e8b465ee728b)
Start importing Assets/Particles using Guid(86600e878da57794697a811c24b8c057) Importer(815301076,1909f56bfc062723c751e8b465ee728b)  -> (artifact id: 'b779c10a076c8e575d14389f05895138') in 0.021801 seconds 
========================================================================
Received Import Request.
  Time since last request: 0.000037 seconds.
  path: Assets/Particles/Materials/FlameD.mat
  artifactKey: Guid(642367443312c224bb40c297365867ac) Importer(815301076,1909f56bfc062723c751e8b465ee728b)
Start importing Assets/Particles/Materials/FlameD.mat using Guid(642367443312c224bb40c297365867ac) Importer(815301076,1909f56bfc062723c751e8b465ee728b)  -> (artifact id: 'f8a3da01f2a93a9136551ab89f0eb6bf') in 0.460533 seconds 
========================================================================
Received Import Request.
  Time since last request: 0.000054 seconds.
  path: Assets/Particles/Materials/Fire Smoke.mat
  artifactKey: Guid(b9a268fc98c474f721ff8c9bf8f5160e) Importer(815301076,1909f56bfc062723c751e8b465ee728b)
Start importing Assets/Particles/Materials/Fire Smoke.mat using Guid(b9a268fc98c474f721ff8c9bf8f5160e) Importer(815301076,1909f56bfc062723c751e8b465ee728b)  -> (artifact id: '2423a7f68ef352174e0b66e729bda24e') in 0.044223 seconds 
========================================================================
Received Import Request.
  Time since last request: 0.000123 seconds.
  path: Assets/Particles/Textures/smoketest2.psd
  artifactKey: Guid(2a49aa5b76842305fc65897abcdcf30f) Importer(815301076,1909f56bfc062723c751e8b465ee728b)
Start importing Assets/Particles/Textures/smoketest2.psd using Guid(2a49aa5b76842305fc65897abcdcf30f) Importer(815301076,1909f56bfc062723c751e8b465ee728b)  -> (artifact id: '1277eaee471dde1157b530ff98ab8caf') in 1.226346 seconds 
========================================================================
Received Import Request.
  Time since last request: 0.000054 seconds.
  path: Assets/Particles/Textures/fire4.psd
  artifactKey: Guid(8e3ff3e27ca4bc54dda56e89e0550dfa) Importer(815301076,1909f56bfc062723c751e8b465ee728b)
Start importing Assets/Particles/Textures/fire4.psd using Guid(8e3ff3e27ca4bc54dda56e89e0550dfa) Importer(815301076,1909f56bfc062723c751e8b465ee728b)  -> (artifact id: '59ef27843475eb6a893eb04ba68f7436') in 0.050925 seconds 
========================================================================
Received Import Request.
  Time since last request: 0.000043 seconds.
  path: Assets/Particles/Textures/smoke4.tif
  artifactKey: Guid(e7d408c28925be148bd9ef32f4f28e44) Importer(815301076,1909f56bfc062723c751e8b465ee728b)
Start importing Assets/Particles/Textures/smoke4.tif using Guid(e7d408c28925be148bd9ef32f4f28e44) Importer(815301076,1909f56bfc062723c751e8b465ee728b)  -> (artifact id: 'cdb3bde5bcdf75fd7d457edd28a2d593') in 0.070457 seconds 
========================================================================
Received Import Request.
  Time since last request: 0.000101 seconds.
  path: Assets/Script/framework
  artifactKey: Guid(2c2a40d69e641f544a727645168c4559) Importer(815301076,1909f56bfc062723c751e8b465ee728b)
Start importing Assets/Script/framework using Guid(2c2a40d69e641f544a727645168c4559) Importer(815301076,1909f56bfc062723c751e8b465ee728b)  -> (artifact id: 'ff7ae0a2206ff48cf1ba4e98d68f4a9f') in 0.027163 seconds 
========================================================================
Received Import Request.
  Time since last request: 0.000097 seconds.
  path: Assets/Particles/Materials/Smoke4.mat
  artifactKey: Guid(ad90f586d4fe1b942b46f0da520a0e61) Importer(815301076,1909f56bfc062723c751e8b465ee728b)
Start importing Assets/Particles/Materials/Smoke4.mat using Guid(ad90f586d4fe1b942b46f0da520a0e61) Importer(815301076,1909f56bfc062723c751e8b465ee728b)  -> (artifact id: '7efb2bf19a3171bd8b8f1783af42c877') in 0.040566 seconds 
========================================================================
Received Import Request.
  Time since last request: 0.000053 seconds.
  path: Assets/Particles/Materials
  artifactKey: Guid(a8b2fd4feb063724e92a61eca13a07ad) Importer(815301076,1909f56bfc062723c751e8b465ee728b)
Start importing Assets/Particles/Materials using Guid(a8b2fd4feb063724e92a61eca13a07ad) Importer(815301076,1909f56bfc062723c751e8b465ee728b)  -> (artifact id: '0a877c11cd91183d02ef6bd868bb216d') in 0.022472 seconds 
========================================================================
Received Import Request.
  Time since last request: 0.000029 seconds.
  path: Assets/Particles/Textures/flameD.tif
  artifactKey: Guid(d236c2e07976ff942a0e23d979e8f4cb) Importer(815301076,1909f56bfc062723c751e8b465ee728b)
Start importing Assets/Particles/Textures/flameD.tif using Guid(d236c2e07976ff942a0e23d979e8f4cb) Importer(815301076,1909f56bfc062723c751e8b465ee728b)  -> (artifact id: 'e9965474669ac117a867470ce6b6b39f') in 0.058446 seconds 
========================================================================
Received Import Request.
  Time since last request: 0.000085 seconds.
  path: Assets/Particles/Textures
  artifactKey: Guid(900a1143f615bb24ab39dadd687d7af4) Importer(815301076,1909f56bfc062723c751e8b465ee728b)
Start importing Assets/Particles/Textures using Guid(900a1143f615bb24ab39dadd687d7af4) Importer(815301076,1909f56bfc062723c751e8b465ee728b)  -> (artifact id: '5badc5e9f81eb977d1948021dda512b2') in 0.019118 seconds 
========================================================================
Received Import Request.
  Time since last request: 2.347298 seconds.
  path: Assets/Scenes/SampleScene.unity
  artifactKey: Guid(9fc0d4010bbf28b4594072e72b8655ab) Importer(815301076,1909f56bfc062723c751e8b465ee728b)
Start importing Assets/Scenes/SampleScene.unity using Guid(9fc0d4010bbf28b4594072e72b8655ab) Importer(815301076,1909f56bfc062723c751e8b465ee728b)  -> (artifact id: '4f7015d27a5927aa901be0051eac7dde') in 0.009346 seconds 
========================================================================
Received Import Request.
  Time since last request: 2.229716 seconds.
  path: Assets/TankPrefab
  artifactKey: Guid(c2f288ee862d6bd49b3ed5a99fdf27d3) Importer(815301076,1909f56bfc062723c751e8b465ee728b)
Start importing Assets/TankPrefab using Guid(c2f288ee862d6bd49b3ed5a99fdf27d3) Importer(815301076,1909f56bfc062723c751e8b465ee728b)  -> (artifact id: '677f543e887a568198f05ebdcf6befae') in 0.019143 seconds 
========================================================================
Received Import Request.
  Time since last request: 17.657292 seconds.
  path: Assets/Resources/tankPrefab.prefab
  artifactKey: Guid(99f737f5d70fd0143805802fe8570f18) Importer(815301076,1909f56bfc062723c751e8b465ee728b)
Start importing Assets/Resources/tankPrefab.prefab using Guid(99f737f5d70fd0143805802fe8570f18) Importer(815301076,1909f56bfc062723c751e8b465ee728b)  -> (artifact id: '8c9bfd78588917a932ee0457906cd9ad') in 0.127488 seconds 
========================================================================
Received Import Request.
  Time since last request: 22.957240 seconds.
  path: Assets/Resources/tankPrefab.prefab
  artifactKey: Guid(99f737f5d70fd0143805802fe8570f18) Importer(815301076,1909f56bfc062723c751e8b465ee728b)
Start importing Assets/Resources/tankPrefab.prefab using Guid(99f737f5d70fd0143805802fe8570f18) Importer(815301076,1909f56bfc062723c751e8b465ee728b)  -> (artifact id: 'afa75ee3bbfc59c51d8c74690e55d362') in 0.012393 seconds 
========================================================================
Received Import Request.
  Time since last request: 11.743655 seconds.
  path: Assets/TankPrefab/body.png
  artifactKey: Guid(c3588a0ed72e51442a375b8b36d4bca8) Importer(815301076,1909f56bfc062723c751e8b465ee728b)
Start importing Assets/TankPrefab/body.png using Guid(c3588a0ed72e51442a375b8b36d4bca8) Importer(815301076,1909f56bfc062723c751e8b465ee728b)  -> (artifact id: '2f47485e27e065e179bcc4c8d56815b6') in 0.206875 seconds 
========================================================================
Received Import Request.
  Time since last request: 0.000140 seconds.
  path: Assets/TankPrefab/wheelMtl.mat
  artifactKey: Guid(3e20f3295fb51db4d8e2a67086b13d76) Importer(815301076,1909f56bfc062723c751e8b465ee728b)
Start importing Assets/TankPrefab/wheelMtl.mat using Guid(3e20f3295fb51db4d8e2a67086b13d76) Importer(815301076,1909f56bfc062723c751e8b465ee728b)  -> (artifact id: 'abec4070206d00826a9f1d80469fe6f2') in 0.039279 seconds 
========================================================================
Received Import Request.
  Time since last request: 0.000036 seconds.
  path: Assets/TankPrefab/trackMtl.mat
  artifactKey: Guid(4ff83d3fe62f7fa45b7b454db1abed62) Importer(815301076,1909f56bfc062723c751e8b465ee728b)
Start importing Assets/TankPrefab/trackMtl.mat using Guid(4ff83d3fe62f7fa45b7b454db1abed62) Importer(815301076,1909f56bfc062723c751e8b465ee728b)  -> (artifact id: 'e5533577cd90b34d8b882d5aee304be6') in 0.037429 seconds 
========================================================================
Received Import Request.
  Time since last request: 0.000040 seconds.
  path: Assets/TankPrefab/bodyMtl.mat
  artifactKey: Guid(e80d6198c66ee344997534f1974eab06) Importer(815301076,1909f56bfc062723c751e8b465ee728b)
Start importing Assets/TankPrefab/bodyMtl.mat using Guid(e80d6198c66ee344997534f1974eab06) Importer(815301076,1909f56bfc062723c751e8b465ee728b)  -> (artifact id: '11d58a78d432434b75b8dc9015fdd4f3') in 0.041066 seconds 
========================================================================
Received Import Request.
  Time since last request: 0.000045 seconds.
  path: Assets/TankPrefab/wheel.png
  artifactKey: Guid(08ac684077caa1546bd8d68383787980) Importer(815301076,1909f56bfc062723c751e8b465ee728b)
Start importing Assets/TankPrefab/wheel.png using Guid(08ac684077caa1546bd8d68383787980) Importer(815301076,1909f56bfc062723c751e8b465ee728b)  -> (artifact id: 'c32d1f89a43813314cd6bf86d6f1ca9a') in 0.089966 seconds 
========================================================================
Received Import Request.
  Time since last request: 0.000031 seconds.
  path: Assets/TankPrefab/tankFbx.fbx
  artifactKey: Guid(c986cbedd59d18646b5d3837d5ee9535) Importer(815301076,1909f56bfc062723c751e8b465ee728b)
Start importing Assets/TankPrefab/tankFbx.fbx using Guid(c986cbedd59d18646b5d3837d5ee9535) Importer(815301076,1909f56bfc062723c751e8b465ee728b)  -> (artifact id: '55d17161300bfc6a7b8fc7e70890fd9c') in 2.219478 seconds 
========================================================================
Received Import Request.
  Time since last request: 0.000358 seconds.
  path: Assets/TankPrefab/track.png
  artifactKey: Guid(7429760d2202eaf44a36af5eb9187d9a) Importer(815301076,1909f56bfc062723c751e8b465ee728b)
Start importing Assets/TankPrefab/track.png using Guid(7429760d2202eaf44a36af5eb9187d9a) Importer(815301076,1909f56bfc062723c751e8b465ee728b)  -> (artifact id: 'b0344fe2e096620141ce3efd8f4e2be8') in 0.063898 seconds 
========================================================================
Received Import Request.
  Time since last request: 0.000807 seconds.
  path: Assets/TankPrefab/tankPrefab.prefab
  artifactKey: Guid(84c9b2831d5d27e40987d5ad7557534e) Importer(815301076,1909f56bfc062723c751e8b465ee728b)
Start importing Assets/TankPrefab/tankPrefab.prefab using Guid(84c9b2831d5d27e40987d5ad7557534e) Importer(815301076,1909f56bfc062723c751e8b465ee728b)  -> (artifact id: '0aa2af7352b0be575df15d9d882c0cdb') in 0.062611 seconds 
========================================================================
Received Prepare
Registering precompiled user dll's ...
Registered in 0.029744 seconds.
Begin MonoManager ReloadAssembly
Native extension for WindowsStandalone target not found
Refreshing native plugins compatible for Editor in 0.44 ms, found 2 plugins.
Preloading 0 native plugins for Editor in 0.00 ms.
Mono: successfully reloaded assembly
- Completed reload, in  1.715 seconds
Domain Reload Profiling:
	ReloadAssembly (1716ms)
		BeginReloadAssembly (134ms)
			ExecutionOrderSort (0ms)
			DisableScriptedObjects (6ms)
			BackupInstance (0ms)
			ReleaseScriptingObjects (0ms)
			CreateAndSetChildDomain (34ms)
		EndReloadAssembly (1468ms)
			LoadAssemblies (79ms)
			RebuildTransferFunctionScriptingTraits (0ms)
			SetupTypeCache (232ms)
				TypeCache.Initialize (228ms)
					TypeCache.ScanAssembly (223ms)
				ResolveRequiredComponents (4ms)
			ReleaseScriptCaches (1ms)
			RebuildScriptCaches (55ms)
			SetupLoadedEditorAssemblies (1012ms)
				LogAssemblyErrors (0ms)
				InitializePlatformSupportModulesInManaged (564ms)
				SetLoadedEditorAssemblies (6ms)
				RefreshPlugins (1ms)
				BeforeProcessingInitializeOnLoad (70ms)
				ProcessInitializeOnLoadAttributes (303ms)
				ProcessInitializeOnLoadMethodAttributes (52ms)
				AfterProcessingInitializeOnLoad (15ms)
				EditorAssembliesLoaded (0ms)
			ExecutionOrderSort2 (0ms)
			AwakeInstancesAfterBackupRestoration (11ms)
Platform modules already initialized, skipping
Refreshing native plugins compatible for Editor in 1.72 ms, found 2 plugins.
Preloading 0 native plugins for Editor in 0.00 ms.
Unloading 1701 Unused Serialized files (Serialized files now loaded: 0)
Unloading 12 unused Assets / (31.7 KB). Loaded Objects now: 2261.
Memory consumption went from 338.3 MB to 338.2 MB.
Total: 3.211400 ms (FindLiveObjects: 0.206300 ms CreateObjectMapping: 0.096000 ms MarkObjects: 2.882500 ms  DeleteObjects: 0.025100 ms)

AssetImportParameters requested are different than current active one (requested -> active):
  custom:video-decoder-ogg-theora: a1e56fd34408186e4bbccfd4996cb3dc -> 
  custom:container-muxer-webm: aa71ff27fc2769a1b78a27578f13a17b -> 
  custom:container-demuxer-webm: 4f35f7cbe854078d1ac9338744f61a02 -> 
  custom:video-encoder-webm-vp8: eb34c28f22e8b96e1ab97ce403110664 -> 
  custom:audio-encoder-webm-vorbis: bf7c407c2cedff20999df2af8eb42d56 -> 
  custom:framework-win-MediaFoundation: 216162199b28c13a410421893ffa2e32 -> 
  custom:container-demuxer-ogg: 62fdf1f143b41e24485cea50d1cbac27 -> 
  custom:video-decoder-webm-vp8: 9c59270c3fd7afecdb556c50c9e8de78 -> 
  custom:audio-decoder-ogg-vorbis: bf7c407c2cedff20999df2af8eb42d56 -> 
========================================================================
Received Import Request.
  Time since last request: 91.791802 seconds.
  path: Assets/Script/proto
  artifactKey: Guid(f2b6c6389174a3e46b3c724f9574647e) Importer(815301076,1909f56bfc062723c751e8b465ee728b)
Start importing Assets/Script/proto using Guid(f2b6c6389174a3e46b3c724f9574647e) Importer(815301076,1909f56bfc062723c751e8b465ee728b)  -> (artifact id: '10796cddfc60bbf18914305e260a29cc') in 0.024791 seconds 
========================================================================
Received Prepare
Registering precompiled user dll's ...
Registered in 0.014429 seconds.
Begin MonoManager ReloadAssembly
Native extension for WindowsStandalone target not found
Refreshing native plugins compatible for Editor in 0.48 ms, found 2 plugins.
Preloading 0 native plugins for Editor in 0.00 ms.
Mono: successfully reloaded assembly
- Completed reload, in  2.957 seconds
Domain Reload Profiling:
	ReloadAssembly (2958ms)
		BeginReloadAssembly (904ms)
			ExecutionOrderSort (0ms)
			DisableScriptedObjects (6ms)
			BackupInstance (0ms)
			ReleaseScriptingObjects (0ms)
			CreateAndSetChildDomain (38ms)
		EndReloadAssembly (1899ms)
			LoadAssemblies (1685ms)
			RebuildTransferFunctionScriptingTraits (0ms)
			SetupTypeCache (381ms)
				TypeCache.Initialize (377ms)
					TypeCache.ScanAssembly (372ms)
				ResolveRequiredComponents (5ms)
			ReleaseScriptCaches (2ms)
			RebuildScriptCaches (58ms)
			SetupLoadedEditorAssemblies (398ms)
				LogAssemblyErrors (0ms)
				InitializePlatformSupportModulesInManaged (15ms)
				SetLoadedEditorAssemblies (7ms)
				RefreshPlugins (1ms)
				BeforeProcessingInitializeOnLoad (62ms)
				ProcessInitializeOnLoadAttributes (257ms)
				ProcessInitializeOnLoadMethodAttributes (46ms)
				AfterProcessingInitializeOnLoad (11ms)
				EditorAssembliesLoaded (0ms)
			ExecutionOrderSort2 (0ms)
			AwakeInstancesAfterBackupRestoration (15ms)
Platform modules already initialized, skipping
Refreshing native plugins compatible for Editor in 1.66 ms, found 2 plugins.
Preloading 0 native plugins for Editor in 0.00 ms.
Unloading 1701 Unused Serialized files (Serialized files now loaded: 0)
Unloading 12 unused Assets / (31.7 KB). Loaded Objects now: 2264.
Memory consumption went from 338.3 MB to 338.3 MB.
Total: 3.587800 ms (FindLiveObjects: 0.235600 ms CreateObjectMapping: 0.177400 ms MarkObjects: 3.147900 ms  DeleteObjects: 0.025100 ms)

AssetImportParameters requested are different than current active one (requested -> active):
  custom:video-decoder-ogg-theora: a1e56fd34408186e4bbccfd4996cb3dc -> 
  custom:container-muxer-webm: aa71ff27fc2769a1b78a27578f13a17b -> 
  custom:container-demuxer-webm: 4f35f7cbe854078d1ac9338744f61a02 -> 
  custom:video-encoder-webm-vp8: eb34c28f22e8b96e1ab97ce403110664 -> 
  custom:audio-encoder-webm-vorbis: bf7c407c2cedff20999df2af8eb42d56 -> 
  custom:framework-win-MediaFoundation: 216162199b28c13a410421893ffa2e32 -> 
  custom:container-demuxer-ogg: 62fdf1f143b41e24485cea50d1cbac27 -> 
  custom:video-decoder-webm-vp8: 9c59270c3fd7afecdb556c50c9e8de78 -> 
  custom:audio-decoder-ogg-vorbis: bf7c407c2cedff20999df2af8eb42d56 -> 
========================================================================
Received Prepare
Refreshing native plugins compatible for Editor in 4.96 ms, found 2 plugins.
Preloading 0 native plugins for Editor in 0.00 ms.
Unloading 13 Unused Serialized files (Serialized files now loaded: 0)
Unloading 12 unused Assets / (29.0 KB). Loaded Objects now: 2264.
Memory consumption went from 110.0 MB to 110.0 MB.
Total: 4.826900 ms (FindLiveObjects: 0.190100 ms CreateObjectMapping: 0.121500 ms MarkObjects: 4.486100 ms  DeleteObjects: 0.027400 ms)

AssetImportParameters requested are different than current active one (requested -> active):
  custom:video-decoder-ogg-theora: a1e56fd34408186e4bbccfd4996cb3dc -> 
  custom:container-muxer-webm: aa71ff27fc2769a1b78a27578f13a17b -> 
  custom:container-demuxer-webm: 4f35f7cbe854078d1ac9338744f61a02 -> 
  custom:video-encoder-webm-vp8: eb34c28f22e8b96e1ab97ce403110664 -> 
  custom:audio-encoder-webm-vorbis: bf7c407c2cedff20999df2af8eb42d56 -> 
  custom:framework-win-MediaFoundation: 216162199b28c13a410421893ffa2e32 -> 
  custom:container-demuxer-ogg: 62fdf1f143b41e24485cea50d1cbac27 -> 
  custom:video-decoder-webm-vp8: 9c59270c3fd7afecdb556c50c9e8de78 -> 
  custom:audio-decoder-ogg-vorbis: bf7c407c2cedff20999df2af8eb42d56 -> 
========================================================================
Received Prepare
Refreshing native plugins compatible for Editor in 4.39 ms, found 2 plugins.
Preloading 0 native plugins for Editor in 0.00 ms.
Unloading 13 Unused Serialized files (Serialized files now loaded: 0)
Unloading 12 unused Assets / (29.0 KB). Loaded Objects now: 2264.
Memory consumption went from 110.0 MB to 110.0 MB.
Total: 3.288900 ms (FindLiveObjects: 0.171500 ms CreateObjectMapping: 0.071400 ms MarkObjects: 3.018600 ms  DeleteObjects: 0.026000 ms)

AssetImportParameters requested are different than current active one (requested -> active):
  custom:video-decoder-ogg-theora: a1e56fd34408186e4bbccfd4996cb3dc -> 
  custom:container-muxer-webm: aa71ff27fc2769a1b78a27578f13a17b -> 
  custom:container-demuxer-webm: 4f35f7cbe854078d1ac9338744f61a02 -> 
  custom:video-encoder-webm-vp8: eb34c28f22e8b96e1ab97ce403110664 -> 
  custom:audio-encoder-webm-vorbis: bf7c407c2cedff20999df2af8eb42d56 -> 
  custom:framework-win-MediaFoundation: 216162199b28c13a410421893ffa2e32 -> 
  custom:container-demuxer-ogg: 62fdf1f143b41e24485cea50d1cbac27 -> 
  custom:video-decoder-webm-vp8: 9c59270c3fd7afecdb556c50c9e8de78 -> 
  custom:audio-decoder-ogg-vorbis: bf7c407c2cedff20999df2af8eb42d56 -> 
========================================================================
Received Import Request.
  Time since last request: 901.643175 seconds.
  path: Assets/New Terrain.asset
  artifactKey: Guid(996eb19d2657a434481cd9d6d5f7cf78) Importer(815301076,1909f56bfc062723c751e8b465ee728b)
Start importing Assets/New Terrain.asset using Guid(996eb19d2657a434481cd9d6d5f7cf78) Importer(815301076,1909f56bfc062723c751e8b465ee728b)  -> (artifact id: '3fe364e9f34b0591d7bef8d3d0786d29') in 0.076830 seconds 
========================================================================
Received Import Request.
  Time since last request: 37.704043 seconds.
  path: Assets/Script/ObjectPool.cs
  artifactKey: Guid(837530ed0d8eee74c9670959047c7be6) Importer(815301076,1909f56bfc062723c751e8b465ee728b)
Start importing Assets/Script/ObjectPool.cs using Guid(837530ed0d8eee74c9670959047c7be6) Importer(815301076,1909f56bfc062723c751e8b465ee728b)  -> (artifact id: 'f26cc88c4ade315d6e1d5c060936f097') in 0.024382 seconds 
========================================================================
Received Import Request.
  Time since last request: 527.492443 seconds.
  path: Assets/Script/CtrlCharacter.cs
  artifactKey: Guid(614359d57a8a4fa419c07eb0b502cce3) Importer(815301076,1909f56bfc062723c751e8b465ee728b)
Start importing Assets/Script/CtrlCharacter.cs using Guid(614359d57a8a4fa419c07eb0b502cce3) Importer(815301076,1909f56bfc062723c751e8b465ee728b)  -> (artifact id: '540ec0f56cc764af8f7a3699a7248241') in 0.031392 seconds 
